<?xml version="1.0" encoding="UTF-8"?>
<testsuite name="Scenario: eaten many cukes" tests="4" skipped="0" failures="0" errors="0" timestamp="2026-04-18T16:09:04" hostname="LAPTOP" time="0.007">
  <properties/>
  <testcase name="Given I have eaten 42 cukes" classname="Scenario: eaten many cukes" time="0.001"/>
  <testcase name="When I wait 2 hour" classname="Scenario: eaten many cukes" time="0.0"/>
  <testcase name="Then my Belly should growl" classname="Scenario: eaten many cukes" time="0.0"/>
  <testcase name="classMethod" classname="Scenario: eaten many cukes" time="0.221"/>
  <system-out><![CDATA[I'm eating 42 cukes!
I ate 42 cucumbers.
]]></system-out>
  <system-err><![CDATA[]]></system-err>
</testsuite>
