<?xml version="1.0" encoding="UTF-8"?>
<testsuite name="Scenario: waiting without enough cucumbers should not growl" tests="4" skipped="0" failures="0" errors="0" timestamp="2026-04-18T16:09:04" hostname="LAPTOP" time="0.001">
  <properties/>
  <testcase name="Given I have eaten 0 cukes" classname="Scenario: waiting without enough cucumbers should not growl" time="0.0"/>
  <testcase name="When I wait 2 hour" classname="Scenario: waiting without enough cucumbers should not growl" time="0.0"/>
  <testcase name="Then my belly should not growl" classname="Scenario: waiting without enough cucumbers should not growl" time="0.0"/>
  <testcase name="classMethod" classname="Scenario: waiting without enough cucumbers should not growl" time="0.002"/>
  <system-out><![CDATA[I'm eating 0 cukes!
I ate 0 cucumbers.
]]></system-out>
  <system-err><![CDATA[]]></system-err>
</testsuite>
