<?xml version="1.0" encoding="UTF-8"?>
<testsuite name="Scenario: waiting over multiple hours adds up" tests="5" skipped="0" failures="0" errors="0" timestamp="2026-04-18T16:09:05" hostname="LAPTOP" time="0.006">
  <properties/>
  <testcase name="Given I have eaten 11 cukes" classname="Scenario: waiting over multiple hours adds up" time="0.0"/>
  <testcase name="When I wait 1 hour" classname="Scenario: waiting over multiple hours adds up" time="0.0"/>
  <testcase name="When I wait 1 hour" classname="Scenario: waiting over multiple hours adds up" time="0.001"/>
  <testcase name="Then my belly should growl" classname="Scenario: waiting over multiple hours adds up" time="0.001"/>
  <testcase name="classMethod" classname="Scenario: waiting over multiple hours adds up" time="0.007"/>
  <system-out><![CDATA[I'm eating 11 cukes!
I ate 11 cucumbers.
]]></system-out>
  <system-err><![CDATA[]]></system-err>
</testsuite>
