<?xml version="1.0" encoding="UTF-8"?>
<testsuite name="Scenario: enough cukes and enough waiting just past the boundary" tests="4" skipped="0" failures="0" errors="0" timestamp="2026-04-18T16:09:04" hostname="LAPTOP" time="0.003">
  <properties/>
  <testcase name="Given I have eaten 11 cukes" classname="Scenario: enough cukes and enough waiting just past the boundary" time="0.0"/>
  <testcase name="When I wait 2 hour" classname="Scenario: enough cukes and enough waiting just past the boundary" time="0.0"/>
  <testcase name="Then my belly should growl" classname="Scenario: enough cukes and enough waiting just past the boundary" time="0.001"/>
  <testcase name="classMethod" classname="Scenario: enough cukes and enough waiting just past the boundary" time="0.005"/>
  <system-out><![CDATA[I'm eating 11 cukes!
I ate 11 cucumbers.
]]></system-out>
  <system-err><![CDATA[]]></system-err>
</testsuite>
