<?xml version="1.0" encoding="UTF-8"?>
<testsuite name="Scenario: eating a lot without waiting should not growl" tests="3" skipped="0" failures="0" errors="0" timestamp="2026-04-18T16:09:04" hostname="LAPTOP" time="0.002">
  <properties/>
  <testcase name="Given I have eaten 42 cukes" classname="Scenario: eating a lot without waiting should not growl" time="0.001"/>
  <testcase name="Then my belly should not growl" classname="Scenario: eating a lot without waiting should not growl" time="0.0"/>
  <testcase name="classMethod" classname="Scenario: eating a lot without waiting should not growl" time="0.003"/>
  <system-out><![CDATA[I'm eating 42 cukes!
I ate 42 cucumbers.
]]></system-out>
  <system-err><![CDATA[]]></system-err>
</testsuite>
